2022-04-04 15:46:30:4630 - [32minfo[39m - [32mAplicação está funcionando na porta: 3000[39m
2022-04-04 15:47:11:4711 - [32minfo[39m - [32mAplicação está funcionando na porta: 3000[39m
2022-04-04 15:47:40:4740 - [32minfo[39m - [32mConectou ao Banco de Dados![39m
2022-04-04 15:47:40:4740 - [32minfo[39m - [32mAplicação está funcionando na porta: 3000[39m
2022-04-04 15:48:54:4854 - [32minfo[39m - [32mConectou ao Banco de Dados![39m
2022-04-04 15:48:54:4854 - [32minfo[39m - [32mAplicação está funcionando na porta: 3000[39m
2022-04-04 15:49:05:495 - [31merror[39m - [31mNão foi posivel conectar![39m
2022-04-04 15:49:19:4919 - [31merror[39m - [31mNão foi posivel conectar![39m
2022-04-04 15:49:19:4919 - [31merror[39m - [31mError: Error: querySrv ENOTFOUND _mongodb._tcp.cluster04.mnoyz.mongodb.net[39m
2022-04-04 15:49:19:4919 - [32minfo[39m - [32mAplicação está funcionando na porta: 3000[39m
2022-04-04 15:49:36:4936 - [32minfo[39m - [32mConectou ao Banco de Dados![39m
2022-04-04 15:49:36:4936 - [32minfo[39m - [32mAplicação está funcionando na porta: 3000[39m
2022-04-04 16:04:08:48 - [32minfo[39m - [32mConectou ao Banco de Dados![39m
2022-04-04 16:04:08:48 - [32minfo[39m - [32mAplicação está funcionando na porta: 3000[39m
2022-04-04 16:04:12:412 - [35mhttp[39m - [35mGET /api/test 200 - - 1.336 ms[39m
[35m[39m
2022-04-04 16:04:41:441 - [32minfo[39m - [32mConectou ao Banco de Dados![39m
2022-04-04 16:04:41:441 - [32minfo[39m - [32mAplicação está funcionando na porta: 3000[39m
2022-04-04 16:05:51:551 - [32minfo[39m - [32mConectou ao Banco de Dados![39m
2022-04-04 16:05:51:551 - [32minfo[39m - [32mAplicação está funcionando na porta: 3000[39m
2022-04-04 16:06:05:65 - [32minfo[39m - [32mConectou ao Banco de Dados![39m
2022-04-04 16:06:05:65 - [32minfo[39m - [32mAplicação está funcionando na porta: 3000[39m
2022-04-04 16:06:15:615 - [32minfo[39m - [32mConectou ao Banco de Dados![39m
2022-04-04 16:06:15:615 - [32minfo[39m - [32mAplicação está funcionando na porta: 3000[39m
2022-04-04 16:06:25:625 - [32minfo[39m - [32mConectou ao Banco de Dados![39m
2022-04-04 16:06:25:625 - [32minfo[39m - [32mAplicação está funcionando na porta: 3000[39m
2022-04-04 16:47:03:473 - [32minfo[39m - [32mConectou ao Banco de Dados![39m
2022-04-04 16:47:03:473 - [32minfo[39m - [32mAplicação está funcionando na porta: 3000[39m
2022-04-04 16:48:37:4837 - [35mhttp[39m - [35mPOST /api/movie 200 22 - 6.918 ms[39m
[35m[39m
2022-04-05 15:18:46:1846 - [31merror[39m - [31mNão foi posivel conectar![39m
2022-04-05 15:20:32:2032 - [32minfo[39m - [32mConectou ao Banco de Dados![39m
2022-04-05 15:20:32:2032 - [32minfo[39m - [32mAplicação está funcionando na porta: 3000[39m
2022-04-05 15:21:37:2137 - [35mhttp[39m - [35mPOST /api/movie 201 152 - 77.377 ms[39m
[35m[39m
2022-04-05 15:38:20:3820 - [32minfo[39m - [32mConectou ao Banco de Dados![39m
2022-04-05 15:38:20:3820 - [32minfo[39m - [32mAplicação está funcionando na porta: 3000[39m
2022-04-05 15:38:34:3834 - [32minfo[39m - [32mConectou ao Banco de Dados![39m
2022-04-05 15:38:34:3834 - [32minfo[39m - [32mAplicação está funcionando na porta: 3000[39m
2022-04-05 15:38:51:3851 - [32minfo[39m - [32mConectou ao Banco de Dados![39m
2022-04-05 15:38:51:3851 - [32minfo[39m - [32mAplicação está funcionando na porta: 3000[39m
2022-04-05 15:38:58:3858 - [35mhttp[39m - [35mPOST /api/movie 201 151 - 82.767 ms[39m
[35m[39m
2022-04-05 15:39:42:3942 - [32minfo[39m - [32mConectou ao Banco de Dados![39m
2022-04-05 15:39:42:3942 - [32minfo[39m - [32mAplicação está funcionando na porta: 3000[39m
2022-04-05 15:44:02:442 - [32minfo[39m - [32mConectou ao Banco de Dados![39m
2022-04-05 15:44:02:442 - [32minfo[39m - [32mAplicação está funcionando na porta: 3000[39m
2022-04-05 15:44:28:4428 - [35mhttp[39m - [35mPOST /api/movie 422 50 - 8.922 ms[39m
[35m[39m
2022-04-05 15:45:20:4520 - [32minfo[39m - [32mConectou ao Banco de Dados![39m
2022-04-05 15:45:20:4520 - [32minfo[39m - [32mAplicação está funcionando na porta: 3000[39m
2022-04-05 15:45:28:4528 - [35mhttp[39m - [35mPOST /api/movie 422 70 - 8.638 ms[39m
[35m[39m
2022-04-05 15:46:43:4643 - [32minfo[39m - [32mConectou ao Banco de Dados![39m
2022-04-05 15:46:43:4643 - [32minfo[39m - [32mAplicação está funcionando na porta: 3000[39m
2022-04-05 15:47:08:478 - [35mhttp[39m - [35mPOST /api/movie 422 55 - 10.026 ms[39m
[35m[39m
2022-04-05 15:47:20:4720 - [32minfo[39m - [32mConectou ao Banco de Dados![39m
2022-04-05 15:47:20:4720 - [32minfo[39m - [32mAplicação está funcionando na porta: 3000[39m
2022-04-05 15:49:21:4921 - [32minfo[39m - [32mConectou ao Banco de Dados![39m
2022-04-05 15:49:21:4921 - [32minfo[39m - [32mAplicação está funcionando na porta: 3000[39m
2022-04-05 15:49:41:4941 - [35mhttp[39m - [35mPOST /api/movie 422 57 - 17.728 ms[39m
[35m[39m
2022-04-05 15:49:48:4948 - [35mhttp[39m - [35mPOST /api/movie 422 57 - 1.860 ms[39m
[35m[39m
2022-04-05 15:50:49:5049 - [32minfo[39m - [32mConectou ao Banco de Dados![39m
2022-04-05 15:50:49:5049 - [32minfo[39m - [32mAplicação está funcionando na porta: 3000[39m
2022-04-05 15:50:49:5049 - [35mhttp[39m - [35mPOST /api/movie 422 106 - 14.640 ms[39m
[35m[39m
2022-04-05 15:51:02:512 - [35mhttp[39m - [35mPOST /api/movie 422 61 - 2.762 ms[39m
[35m[39m
2022-04-05 15:51:26:5126 - [35mhttp[39m - [35mPOST /api/movie 201 176 - 68.688 ms[39m
[35m[39m
2022-04-05 15:51:49:5149 - [35mhttp[39m - [35mPOST /api/movie 422 44 - 16.408 ms[39m
[35m[39m
2022-04-05 15:51:49:5149 - [32minfo[39m - [32mConectou ao Banco de Dados![39m
2022-04-05 15:51:49:5149 - [32minfo[39m - [32mAplicação está funcionando na porta: 3000[39m
2022-04-05 15:52:08:528 - [35mhttp[39m - [35mPOST /api/movie 422 69 - 15.319 ms[39m
[35m[39m
2022-04-05 15:52:08:528 - [32minfo[39m - [32mConectou ao Banco de Dados![39m
2022-04-05 15:52:08:528 - [32minfo[39m - [32mAplicação está funcionando na porta: 3000[39m
2022-04-05 15:52:55:5255 - [32minfo[39m - [32mConectou ao Banco de Dados![39m
2022-04-05 15:52:55:5255 - [32minfo[39m - [32mAplicação está funcionando na porta: 3000[39m
2022-04-05 15:53:09:539 - [35mhttp[39m - [35mPOST /api/movie 422 62 - 15.310 ms[39m
[35m[39m
2022-04-05 15:54:49:5449 - [32minfo[39m - [32mConectou ao Banco de Dados![39m
2022-04-05 15:54:49:5449 - [32minfo[39m - [32mAplicação está funcionando na porta: 3000[39m
2022-04-05 15:55:11:5511 - [35mhttp[39m - [35mPOST /api/movie 422 54 - 22.553 ms[39m
[35m[39m
2022-04-05 15:56:09:569 - [35mhttp[39m - [35mPOST /api/movie 422 54 - 4.752 ms[39m
[35m[39m
2022-04-05 15:57:28:5728 - [35mhttp[39m - [35mPOST /api/movie 201 351 - 91.398 ms[39m
[35m[39m
2022-04-05 15:58:07:587 - [35mhttp[39m - [35mPOST /api/movie 201 374 - 51.079 ms[39m
[35m[39m
2022-04-05 16:03:02:32 - [32minfo[39m - [32mConectou ao Banco de Dados![39m
2022-04-05 16:03:02:32 - [32minfo[39m - [32mAplicação está funcionando na porta: 3000[39m
2022-04-05 16:04:38:438 - [32minfo[39m - [32mConectou ao Banco de Dados![39m
2022-04-05 16:04:38:438 - [32minfo[39m - [32mAplicação está funcionando na porta: 3000[39m
2022-04-05 16:05:09:59 - [32minfo[39m - [32mConectou ao Banco de Dados![39m
2022-04-05 16:05:09:59 - [32minfo[39m - [32mAplicação está funcionando na porta: 3000[39m
2022-04-05 16:05:31:531 - [35mhttp[39m - [35mPOST /api/movie/624c913fa75bf00ad4c4b97e 404 174 - 3.810 ms[39m
[35m[39m
2022-04-05 16:05:50:550 - [35mhttp[39m - [35mPOST /api/movie/624c913fa75bf00ad4c4b97e4 404 175 - 1.801 ms[39m
[35m[39m
2022-04-05 16:06:40:640 - [35mhttp[39m - [35mGET /api//movie/624c913fa75bf00ad4c4b97e4 404 32 - 64.655 ms[39m
[35m[39m
2022-04-05 16:06:58:658 - [35mhttp[39m - [35mPOST /api/movie 201 374 - 94.636 ms[39m
[35m[39m
2022-04-05 16:07:39:739 - [32minfo[39m - [32mConectou ao Banco de Dados![39m
2022-04-05 16:07:39:739 - [32minfo[39m - [32mAplicação está funcionando na porta: 3000[39m
2022-04-05 16:07:46:746 - [35mhttp[39m - [35mGET /api//movie/624c913fa75bf00ad4c4b97e4 404 32 - 48.673 ms[39m
[35m[39m
2022-04-05 16:07:49:749 - [35mhttp[39m - [35mGET /api//movie/624c913fa75bf00ad4c4b97e 404 32 - 49.627 ms[39m
[35m[39m
2022-04-05 16:08:17:817 - [35mhttp[39m - [35mGET /api//movie/624c913fa75bf00ad4c4b97e 404 32 - 39.156 ms[39m
[35m[39m
2022-04-05 16:08:22:822 - [35mhttp[39m - [35mGET /api//movie/:624c913fa75bf00ad4c4b97e 404 32 - 37.319 ms[39m
[35m[39m
2022-04-05 16:09:15:915 - [35mhttp[39m - [35mGET /api//movie/624c913fa75bf00ad4c4b97e 404 32 - 37.064 ms[39m
[35m[39m
2022-04-05 16:09:41:941 - [35mhttp[39m - [35mGET /api//movie/624c913fa75bf00ad4c4b97e 404 32 - 42.714 ms[39m
[35m[39m
2022-04-05 16:10:07:107 - [32minfo[39m - [32mConectou ao Banco de Dados![39m
2022-04-05 16:10:07:107 - [32minfo[39m - [32mAplicação está funcionando na porta: 3000[39m
2022-04-05 16:10:12:1012 - [35mhttp[39m - [35mGET /api//movie/624c913fa75bf00ad4c4b97e 200 374 - 74.708 ms[39m
[35m[39m
2022-04-05 16:30:16:3016 - [32minfo[39m - [32mConectou ao Banco de Dados![39m
2022-04-05 16:30:16:3016 - [32minfo[39m - [32mAplicação está funcionando na porta: 3000[39m
2022-04-05 16:30:43:3043 - [32minfo[39m - [32mConectou ao Banco de Dados![39m
2022-04-05 16:30:43:3043 - [32minfo[39m - [32mAplicação está funcionando na porta: 3000[39m
2022-04-05 16:30:56:3056 - [32minfo[39m - [32mConectou ao Banco de Dados![39m
2022-04-05 16:30:56:3056 - [32minfo[39m - [32mAplicação está funcionando na porta: 3000[39m
2022-04-05 16:31:16:3116 - [35mhttp[39m - [35mGET /api/movie 200 751 - 56.954 ms[39m
[35m[39m
2022-04-05 16:31:50:3150 - [32minfo[39m - [32mConectou ao Banco de Dados![39m
2022-04-05 16:31:50:3150 - [32minfo[39m - [32mAplicação está funcionando na porta: 3000[39m
2022-04-05 16:33:14:3314 - [32minfo[39m - [32mConectou ao Banco de Dados![39m
2022-04-05 16:33:14:3314 - [32minfo[39m - [32mAplicação está funcionando na porta: 3000[39m
2022-04-05 16:35:07:357 - [32minfo[39m - [32mConectou ao Banco de Dados![39m
2022-04-05 16:35:07:357 - [32minfo[39m - [32mAplicação está funcionando na porta: 3000[39m
2022-04-05 16:35:53:3553 - [32minfo[39m - [32mConectou ao Banco de Dados![39m
2022-04-05 16:35:53:3553 - [32minfo[39m - [32mAplicação está funcionando na porta: 3000[39m
2022-04-05 16:36:45:3645 - [35mhttp[39m - [35mDELETE /api/movie/624c913fa75bf00ad4c4b97e 200 374 - 63.365 ms[39m
[35m[39m
2022-04-05 16:37:20:3720 - [31merror[39m - [31mErro no sistema: Cast to ObjectId failed for value "624c913fa75bf00ad4c4b97" (type string) at path "_id" for model "Movie"[39m
2022-04-05 16:37:20:3720 - [35mhttp[39m - [35mDELETE /api/movie/624c913fa75bf00ad4c4b97 500 40 - 7.455 ms[39m
[35m[39m
2022-04-05 16:37:25:3725 - [35mhttp[39m - [35mDELETE /api/movie/624c913fa75bf00ad4c4b97e 200 374 - 39.103 ms[39m
[35m[39m
2022-04-05 16:38:50:3850 - [32minfo[39m - [32mConectou ao Banco de Dados![39m
2022-04-05 16:38:50:3850 - [32minfo[39m - [32mAplicação está funcionando na porta: 3000[39m
2022-04-05 16:38:52:3852 - [35mhttp[39m - [35mDELETE /api/movie/624c913fa75bf00ad4c4b97e 200 36 - 100.449 ms[39m
[35m[39m
2022-04-05 16:40:50:4050 - [35mhttp[39m - [35mPOST /api/movie 201 365 - 66.032 ms[39m
[35m[39m
2022-04-05 16:41:11:4111 - [35mhttp[39m - [35mGET /api/movie 200 742 - 37.770 ms[39m
[35m[39m
2022-04-05 16:42:37:4237 - [32minfo[39m - [32mConectou ao Banco de Dados![39m
2022-04-05 16:42:37:4237 - [32minfo[39m - [32mAplicação está funcionando na porta: 3000[39m
2022-04-05 16:42:59:4259 - [32minfo[39m - [32mConectou ao Banco de Dados![39m
2022-04-05 16:42:59:4259 - [32minfo[39m - [32mAplicação está funcionando na porta: 3000[39m
2022-04-05 16:43:36:4336 - [35mhttp[39m - [35mPATCH /api/movie/624c913fa75bf00ad4c4b97e 404 32 - 52.259 ms[39m
[35m[39m
2022-04-05 16:43:59:4359 - [35mhttp[39m - [35mPATCH /api/movie/624c9b42cb58b4268ef43129 200 365 - 42.802 ms[39m
[35m[39m
2022-04-05 16:45:41:4541 - [32minfo[39m - [32mConectou ao Banco de Dados![39m
2022-04-05 16:45:41:4541 - [32minfo[39m - [32mAplicação está funcionando na porta: 3000[39m
2022-04-05 16:45:49:4549 - [32minfo[39m - [32mConectou ao Banco de Dados![39m
2022-04-05 16:45:49:4549 - [32minfo[39m - [32mAplicação está funcionando na porta: 3000[39m
2022-04-05 16:50:49:5049 - [32minfo[39m - [32mConectou ao Banco de Dados![39m
2022-04-05 16:50:49:5049 - [32minfo[39m - [32mAplicação está funcionando na porta: 3000[39m
2022-04-05 16:51:28:5128 - [35mhttp[39m - [35mGET /api/movie 200 742 - 67.057 ms[39m
[35m[39m
2022-04-05 16:54:43:5443 - [32minfo[39m - [32mConectou ao Banco de Dados![39m
2022-04-05 16:54:43:5443 - [32minfo[39m - [32mAplicação está funcionando na porta: 3000[39m
2022-04-05 16:56:33:5633 - [32minfo[39m - [32mConectou ao Banco de Dados![39m
2022-04-05 16:56:33:5633 - [32minfo[39m - [32mAplicação está funcionando na porta: 3000[39m
2022-04-05 16:56:42:5642 - [32minfo[39m - [32mConectou ao Banco de Dados![39m
2022-04-05 16:56:42:5642 - [32minfo[39m - [32mAplicação está funcionando na porta: 3000[39m
2022-04-05 16:56:49:5649 - [32minfo[39m - [32mConectou ao Banco de Dados![39m
2022-04-05 16:56:49:5649 - [32minfo[39m - [32mAplicação está funcionando na porta: 3000[39m
2022-04-05 16:56:55:5655 - [32minfo[39m - [32mConectou ao Banco de Dados![39m
2022-04-05 16:56:55:5655 - [32minfo[39m - [32mAplicação está funcionando na porta: 3000[39m
2022-04-05 16:57:04:574 - [32minfo[39m - [32mConectou ao Banco de Dados![39m
2022-04-05 16:57:04:574 - [32minfo[39m - [32mAplicação está funcionando na porta: 3000[39m
2022-04-05 17:06:34:634 - [32minfo[39m - [32mConectou ao Banco de Dados![39m
2022-04-05 17:06:34:634 - [32minfo[39m - [32mAplicação está funcionando na porta: 3000[39m
2022-04-05 17:07:43:743 - [32minfo[39m - [32mConectou ao Banco de Dados![39m
2022-04-05 17:07:43:743 - [32minfo[39m - [32mAplicação está funcionando na porta: 3000[39m
2022-04-05 17:08:10:810 - [32minfo[39m - [32mConectou ao Banco de Dados![39m
2022-04-05 17:08:10:810 - [32minfo[39m - [32mAplicação está funcionando na porta: 3000[39m
2022-04-05 17:08:12:812 - [35mhttp[39m - [35mPATCH /api/movie/624c9b42cb58b4268ef43129 200 2 - 68.513 ms[39m
[35m[39m
2022-04-05 17:08:27:827 - [35mhttp[39m - [35mPATCH /api/movie/624c9b42cb58b4268ef43129 200 246 - 90.102 ms[39m
[35m[39m
2022-04-05 17:08:33:833 - [35mhttp[39m - [35mPATCH /api/movie/624c9b42cb58b4268ef43129 200 248 - 87.791 ms[39m
[35m[39m
2022-04-06 11:07:33:733 - [31merror[39m - [31mNão foi possivel conectar![39m
2022-04-06 11:11:06:116 - [32minfo[39m - [32mConectou ao Banco de Dados![39m
2022-04-06 11:11:06:116 - [32minfo[39m - [32mAplicação está funcionando na porta: 3000[39m
2022-04-06 11:12:43:1243 - [32minfo[39m - [32mConectou ao Banco de Dados![39m
2022-04-06 11:12:43:1243 - [32minfo[39m - [32mAplicação está funcionando na porta: 3000[39m
2022-04-06 16:30:54:3054 - [32minfo[39m - [32mConectou ao Banco de Dados![39m
2022-04-06 16:30:55:3055 - [32minfo[39m - [32mAplicação está funcionando na porta: 3000[39m
